This is pdfTeX, Version 3.1415926-2.5-1.40.14 (TeX Live 2013/Debian) (format=pdflatex 2015.4.28)  19 OCT 2015 16:38
entering extended mode
 restricted \write18 enabled.
 %&-line parsing enabled.
**short-infosci-EC.tex
(./short-infosci-EC.tex
LaTeX2e <2011/06/27>
Babel <3.9h> and hyphenation patterns for 2 languages loaded.
(/usr/share/texlive/texmf-dist/tex/latex/base/article.cls
Document Class: article 2007/10/19 v1.4h Standard LaTeX document class
(/usr/share/texlive/texmf-dist/tex/latex/base/size10.clo
File: size10.clo 2007/10/19 v1.4h Standard LaTeX file (size option)
)
\c@part=\count79
\c@section=\count80
\c@subsection=\count81
\c@subsubsection=\count82
\c@paragraph=\count83
\c@subparagraph=\count84
\c@figure=\count85
\c@table=\count86
\abovecaptionskip=\skip41
\belowcaptionskip=\skip42
\bibindent=\dimen102
)
(/usr/share/texlive/texmf-dist/tex/latex/graphics/graphicx.sty
Package: graphicx 1999/02/16 v1.0f Enhanced LaTeX Graphics (DPC,SPQR)

(/usr/share/texlive/texmf-dist/tex/latex/graphics/keyval.sty
Package: keyval 1999/03/16 v1.13 key=value parser (DPC)
\KV@toks@=\toks14
)
(/usr/share/texlive/texmf-dist/tex/latex/graphics/graphics.sty
Package: graphics 2009/02/05 v1.0o Standard LaTeX Graphics (DPC,SPQR)

(/usr/share/texlive/texmf-dist/tex/latex/graphics/trig.sty
Package: trig 1999/03/16 v1.09 sin cos tan (DPC)
)
(/usr/share/texlive/texmf-dist/tex/latex/latexconfig/graphics.cfg
File: graphics.cfg 2010/04/23 v1.9 graphics configuration of TeX Live
)
Package graphics Info: Driver file: pdftex.def on input line 91.

(/usr/share/texlive/texmf-dist/tex/latex/pdftex-def/pdftex.def
File: pdftex.def 2011/05/27 v0.06d Graphics/color for pdfTeX

(/usr/share/texlive/texmf-dist/tex/generic/oberdiek/infwarerr.sty
Package: infwarerr 2010/04/08 v1.3 Providing info/warning/error messages (HO)
)
(/usr/share/texlive/texmf-dist/tex/generic/oberdiek/ltxcmds.sty
Package: ltxcmds 2011/11/09 v1.22 LaTeX kernel commands for general use (HO)
)
\Gread@gobject=\count87
))
\Gin@req@height=\dimen103
\Gin@req@width=\dimen104
)
(./onecolpceurws.sty
Document Style Option 'onecolpceurws'.
\@maxsep=\dimen105
\@dblmaxsep=\dimen106
) (/usr/share/texlive/texmf-dist/tex/latex/float/float.sty
Package: float 2001/11/08 v1.3d Float enhancements (AL)
\c@float@type=\count88
\float@exts=\toks15
\float@box=\box26
\@float@everytoks=\toks16
\@floatcapt=\box27
)
(/usr/share/texlive/texmf-dist/tex/latex/caption/caption.sty
Package: caption 2013/05/02 v3.3-89 Customizing captions (AR)

(/usr/share/texlive/texmf-dist/tex/latex/caption/caption3.sty
Package: caption3 2013/05/02 v1.6-88 caption3 kernel (AR)
Package caption3 Info: TeX engine: e-TeX on input line 57.
\captionmargin=\dimen107
\captionmargin@=\dimen108
\captionwidth=\dimen109
\caption@tempdima=\dimen110
\caption@indent=\dimen111
\caption@parindent=\dimen112
\caption@hangindent=\dimen113
)
\c@ContinuedFloat=\count89
Package caption Info: float package is loaded.
)
(/usr/share/texlive/texmf-dist/tex/latex/caption/subcaption.sty
Package: subcaption 2013/02/03 v1.1-62 Sub-captions (AR)
\c@subfigure=\count90
\c@subtable=\count91
)
(/usr/share/texlive/texmf-dist/tex/latex/subfig/subfig.sty
Package: subfig 2005/06/28 ver: 1.3 subfig package
\c@KVtest=\count92
\sf@farskip=\skip43
\sf@captopadj=\dimen114
\sf@capskip=\skip44
\sf@nearskip=\skip45
\sf@top=\skip46
\sf@bottom=\skip47
)
(./short-infosci-EC.aux)
\openout1 = `short-infosci-EC.aux'.

LaTeX Font Info:    Checking defaults for OML/cmm/m/it on input line 54.
LaTeX Font Info:    ... okay on input line 54.
LaTeX Font Info:    Checking defaults for T1/cmr/m/n on input line 54.
LaTeX Font Info:    ... okay on input line 54.
LaTeX Font Info:    Checking defaults for OT1/cmr/m/n on input line 54.
LaTeX Font Info:    ... okay on input line 54.
LaTeX Font Info:    Checking defaults for OMS/cmsy/m/n on input line 54.
LaTeX Font Info:    ... okay on input line 54.
LaTeX Font Info:    Checking defaults for OMX/cmex/m/n on input line 54.
LaTeX Font Info:    ... okay on input line 54.
LaTeX Font Info:    Checking defaults for U/cmr/m/n on input line 54.
LaTeX Font Info:    ... okay on input line 54.

(/usr/share/texlive/texmf-dist/tex/context/base/supp-pdf.mkii
[Loading MPS to PDF converter (version 2006.09.02).]
\scratchcounter=\count93
\scratchdimen=\dimen115
\scratchbox=\box28
\nofMPsegments=\count94
\nofMParguments=\count95
\everyMPshowfont=\toks17
\MPscratchCnt=\count96
\MPscratchDim=\dimen116
\MPnumerator=\count97
\makeMPintoPDFobject=\count98
\everyMPtoPDFconversion=\toks18
) (/usr/share/texlive/texmf-dist/tex/generic/oberdiek/pdftexcmds.sty
Package: pdftexcmds 2011/11/29 v0.20 Utility functions of pdfTeX for LuaTeX (HO
)

(/usr/share/texlive/texmf-dist/tex/generic/oberdiek/ifluatex.sty
Package: ifluatex 2010/03/01 v1.3 Provides the ifluatex switch (HO)
Package ifluatex Info: LuaTeX not detected.
)
(/usr/share/texlive/texmf-dist/tex/generic/oberdiek/ifpdf.sty
Package: ifpdf 2011/01/30 v2.3 Provides the ifpdf switch (HO)
Package ifpdf Info: pdfTeX in PDF mode is detected.
)
Package pdftexcmds Info: LuaTeX not detected.
Package pdftexcmds Info: \pdf@primitive is available.
Package pdftexcmds Info: \pdf@ifprimitive is available.
Package pdftexcmds Info: \pdfdraftmode found.
)
(/usr/share/texlive/texmf-dist/tex/latex/oberdiek/epstopdf-base.sty
Package: epstopdf-base 2010/02/09 v2.5 Base part for package epstopdf

(/usr/share/texlive/texmf-dist/tex/latex/oberdiek/grfext.sty
Package: grfext 2010/08/19 v1.1 Manage graphics extensions (HO)

(/usr/share/texlive/texmf-dist/tex/generic/oberdiek/kvdefinekeys.sty
Package: kvdefinekeys 2011/04/07 v1.3 Define keys (HO)
))
(/usr/share/texlive/texmf-dist/tex/latex/oberdiek/kvoptions.sty
Package: kvoptions 2011/06/30 v3.11 Key value format for package options (HO)

(/usr/share/texlive/texmf-dist/tex/generic/oberdiek/kvsetkeys.sty
Package: kvsetkeys 2012/04/25 v1.16 Key value parser (HO)

(/usr/share/texlive/texmf-dist/tex/generic/oberdiek/etexcmds.sty
Package: etexcmds 2011/02/16 v1.5 Avoid name clashes with e-TeX commands (HO)
Package etexcmds Info: Could not find \expanded.
(etexcmds)             That can mean that you are not using pdfTeX 1.50 or
(etexcmds)             that some package has redefined \expanded.
(etexcmds)             In the latter case, load this package earlier.
)))
Package grfext Info: Graphics extension search list:
(grfext)             [.png,.pdf,.jpg,.mps,.jpeg,.jbig2,.jb2,.PNG,.PDF,.JPG,.JPE
G,.JBIG2,.JB2,.eps]
(grfext)             \AppendGraphicsExtensions on input line 452.

(/usr/share/texlive/texmf-dist/tex/latex/latexconfig/epstopdf-sys.cfg
File: epstopdf-sys.cfg 2010/07/13 v1.3 Configuration of (r)epstopdf for TeX Liv
e
))
Package caption Info: Begin \AtBeginDocument code.
Package caption Info: subfig package v1.3 is loaded.
Package caption Info: End \AtBeginDocument code.
LaTeX Font Info:    External font `cmex10' loaded for size
(Font)              <12> on input line 55.
LaTeX Font Info:    External font `cmex10' loaded for size
(Font)              <8> on input line 55.
LaTeX Font Info:    External font `cmex10' loaded for size
(Font)              <6> on input line 55.
LaTeX Font Info:    External font `cmex10' loaded for size
(Font)              <7> on input line 55.
LaTeX Font Info:    External font `cmex10' loaded for size
(Font)              <5> on input line 55.
LaTeX Font Info:    Try loading font information for OMS+cmr on input line 55.

(/usr/share/texlive/texmf-dist/tex/latex/base/omscmr.fd
File: omscmr.fd 1999/05/25 v2.5h Standard LaTeX font definitions
)
LaTeX Font Info:    Font shape `OMS/cmr/m/it' in size <8> not available
(Font)              Font shape `OMS/cmsy/m/n' tried instead on input line 55.
LaTeX Font Info:    Font shape `OMS/cmr/m/n' in size <8> not available
(Font)              Font shape `OMS/cmsy/m/n' tried instead on input line 55.

(./introduction_ECRT.tex
Missing character: There is no ¦ in font cmr10!
Missing character: There is no ´ in font cmr10!


LaTeX Warning: Citation `Zimmermann:2008' on page 1 undefined on input line 17.


[1


{/var/lib/texmf/fonts/map/pdftex/updmap/pdftex.map}]) (./methodology_ECRT.tex
LaTeX Font Info:    Font shape `OMS/cmr/m/n' in size <10> not available
(Font)              Font shape `OMS/cmsy/m/n' tried instead on input line 32.

LaTeX Warning: Citation `Ayari:2007' on page 2 undefined on input line 40.


LaTeX Warning: Citation `Ayari:2007' on page 2 undefined on input line 44.


LaTeX Warning: Citation `Eaddy:2008' on page 2 undefined on input line 45.

[2]) (./results2_ECRT.tex

LaTeX Warning: Reference `fig:abn-noc' on page 3 undefined on input line 5.


LaTeX Warning: Reference `fig:cc-noc' on page 3 undefined on input line 5.


LaTeX Warning: Reference `fig:abn-noc' on page 3 undefined on input line 6.


LaTeX Warning: Reference `fig:cc-noc' on page 3 undefined on input line 7.


LaTeX Warning: Reference `tab:log-log-cc-noc' on page 3 undefined on input line
 16.


LaTeX Warning: Reference `tab:log-log-cc-noc' on page 3 undefined on input line
 20.


LaTeX Warning: Reference `tab:max_abn-vs-maxcc' on page 3 undefined on input li
ne 35.


LaTeX Warning: Reference `tab:log-log-cc-noc' on page 3 undefined on input line
 41.

<figure/EC_BUG_power_law-eps-converted-to.pdf, id=19, 224.84pt x 288.07625pt>
File: figure/EC_BUG_power_law-eps-converted-to.pdf Graphic file (type pdf)

<use figure/EC_BUG_power_law-eps-converted-to.pdf>
Package pdftex.def Info: figure/EC_BUG_power_law-eps-converted-to.pdf used on i
nput line 49.
(pdftex.def)             Requested size: 146.34824pt x 187.51547pt.

<figure/EC_CC_power_law-eps-converted-to.pdf, id=20, 224.84pt x 288.07625pt>
File: figure/EC_CC_power_law-eps-converted-to.pdf Graphic file (type pdf)

<use figure/EC_CC_power_law-eps-converted-to.pdf>
Package pdftex.def Info: figure/EC_CC_power_law-eps-converted-to.pdf used on in
put line 57.
(pdftex.def)             Requested size: 146.34824pt x 187.51547pt.
Package epstopdf Info: Source file: <figure/nuovefig/cumulated_bug_cc_EC.eps>
(epstopdf)                    date: 2014-10-13 14:14:37
(epstopdf)                    size: 28143 bytes
(epstopdf)             Output file: <figure/nuovefig/cumulated_bug_cc_EC-eps-co
nverted-to.pdf>
(epstopdf)                    date: 2014-10-13 14:14:37
(epstopdf)                    size: 17999 bytes
(epstopdf)             Command: <repstopdf --outfile=figure/nuovefig/cumulated_
bug_cc_EC-eps-converted-to.pdf figure/nuovefig/cumulated_bug_cc_EC.eps>
(epstopdf)             \includegraphics on input line 97.
Package epstopdf Info: Output file is already uptodate.

<figure/nuovefig/cumulated_bug_cc_EC-eps-converted-to.pdf, id=21, 967.615pt x 6
31.35875pt>
File: figure/nuovefig/cumulated_bug_cc_EC-eps-converted-to.pdf Graphic file (ty
pe pdf)
 <use figure/nuovefig/cumulated_bug_cc_EC-eps-converted-to.pdf>
Package pdftex.def Info: figure/nuovefig/cumulated_bug_cc_EC-eps-converted-to.p
df used on input line 97.
(pdftex.def)             Requested size: 487.8225pt x 318.29898pt.
)
(./conclusions_ECRT.tex) [3 <./figure/EC_BUG_power_law-eps-converted-to.pdf> <.
/figure/EC_CC_power_law-eps-converted-to.pdf>] [4 <./figure/nuovefig/cumulated_
bug_cc_EC-eps-converted-to.pdf>] (./short-infosci-EC.bbl
Missing character: There is no ¦ in font cmr10!
Missing character: There is no ´ in font cmr10!
Missing character: There is no ¦ in font cmr10!
Missing character: There is no ´ in font cmr10!
) [5]
(./short-infosci-EC.aux)

LaTeX Warning: There were undefined references.


LaTeX Warning: Label(s) may have changed. Rerun to get cross-references right.

 ) 
Here is how much of TeX's memory you used:
 2850 strings out of 495028
 45678 string characters out of 6181497
 111337 words of memory out of 5000000
 6026 multiletter control sequences out of 15000+600000
 8295 words of font info for 29 fonts, out of 8000000 for 9000
 14 hyphenation exceptions out of 8191
 38i,8n,38p,530b,424s stack positions out of 5000i,500n,10000p,200000b,80000s
</usr/share/texlive/texmf-dist/fonts/type1/public/amsfonts/cm/cmbx10.pfb></us
r/share/texlive/texmf-dist/fonts/type1/public/amsfonts/cm/cmbx12.pfb></usr/shar
e/texlive/texmf-dist/fonts/type1/public/amsfonts/cm/cmmi10.pfb></usr/share/texl
ive/texmf-dist/fonts/type1/public/amsfonts/cm/cmr10.pfb></usr/share/texlive/tex
mf-dist/fonts/type1/public/amsfonts/cm/cmr12.pfb></usr/share/texlive/texmf-dist
/fonts/type1/public/amsfonts/cm/cmr6.pfb></usr/share/texlive/texmf-dist/fonts/t
ype1/public/amsfonts/cm/cmr7.pfb></usr/share/texlive/texmf-dist/fonts/type1/pub
lic/amsfonts/cm/cmr8.pfb></usr/share/texlive/texmf-dist/fonts/type1/public/amsf
onts/cm/cmsy10.pfb></usr/share/texlive/texmf-dist/fonts/type1/public/amsfonts/c
m/cmsy8.pfb></usr/share/texlive/texmf-dist/fonts/type1/public/amsfonts/cm/cmti1
0.pfb></usr/share/texlive/texmf-dist/fonts/type1/public/amsfonts/cm/cmti8.pfb>
Output written on short-infosci-EC.pdf (5 pages, 191082 bytes).
PDF statistics:
 91 PDF objects out of 1000 (max. 8388607)
 63 compressed objects within 1 object stream
 0 named destinations out of 1000 (max. 500000)
 16 words of extra memory for PDF output out of 10000 (max. 10000000)

